<?xml version="1.0" encoding="UTF-8"?>
<testng-results ignored="0" total="2" passed="2" failed="0" skipped="0">
  <reporter-output>
  </reporter-output>
  <suite started-at="2023-04-14T13:20:26 IST" name="Default suite" finished-at="2023-04-14T13:20:46 IST" duration-ms="19219">
    <groups>
    </groups>
    <test started-at="2023-04-14T13:20:26 IST" name="Default test" finished-at="2023-04-14T13:20:46 IST" duration-ms="19219">
      <class name="demo.TS_MultipleLoginDataInsta">
        <test-method is-config="true" signature="oppApp()[pri:0, instance:demo.TS_MultipleLoginDataInsta@7ea9e1e2]" started-at="2023-04-14T13:20:27 IST" name="oppApp" finished-at="2023-04-14T13:20:33 IST" duration-ms="6590" status="PASS">
          <reporter-output>
          </reporter-output>
        </test-method> <!-- oppApp -->
        <test-method signature="script(java.lang.String,java.lang.String)[pri:0, instance:demo.TS_MultipleLoginDataInsta@7ea9e1e2]" started-at="2023-04-14T13:20:33 IST" name="script" data-provider="userData" finished-at="2023-04-14T13:20:35 IST" duration-ms="1713" status="PASS">
          <params>
            <param index="0">
              <value>
                <![CDATA[guru]]>
              </value>
            </param>
            <param index="1">
              <value>
                <![CDATA[kp]]>
              </value>
            </param>
          </params>
          <reporter-output>
          </reporter-output>
        </test-method> <!-- script -->
        <test-method is-config="true" signature="oppApp()[pri:0, instance:demo.TS_MultipleLoginDataInsta@7ea9e1e2]" started-at="2023-04-14T13:20:35 IST" name="oppApp" finished-at="2023-04-14T13:20:41 IST" duration-ms="6057" status="PASS">
          <reporter-output>
          </reporter-output>
        </test-method> <!-- oppApp -->
        <test-method signature="script(java.lang.String,java.lang.String)[pri:0, instance:demo.TS_MultipleLoginDataInsta@7ea9e1e2]" started-at="2023-04-14T13:20:41 IST" name="script" data-provider="userData" finished-at="2023-04-14T13:20:46 IST" duration-ms="4751" status="PASS">
          <params>
            <param index="0">
              <value>
                <![CDATA[gurukp@gmail.com]]>
              </value>
            </param>
            <param index="1">
              <value>
                <![CDATA[gurukp]]>
              </value>
            </param>
          </params>
          <reporter-output>
          </reporter-output>
        </test-method> <!-- script -->
      </class> <!-- demo.TS_MultipleLoginDataInsta -->
    </test> <!-- Default test -->
  </suite> <!-- Default suite -->
</testng-results>
